<?xml version="1.0" encoding="UTF-8"?>
<testng-results ignored="0" total="1" passed="1" failed="0" skipped="0">
  <reporter-output>
  </reporter-output>
  <suite started-at="2021-03-27T22:19:20 AEDT" name="Surefire suite" finished-at="2021-03-27T22:19:20 AEDT" duration-ms="51">
    <groups>
    </groups>
    <test started-at="2021-03-27T22:19:20 AEDT" name="Surefire test" finished-at="2021-03-27T22:19:20 AEDT" duration-ms="51">
      <class name="co.te.ma.TestMaven">
        <test-method signature="testrun()[pri:0, instance:co.te.ma.TestMaven@5e0e82ae]" started-at="2021-03-27T22:19:20 AEDT" name="testrun" finished-at="2021-03-27T22:19:20 AEDT" duration-ms="7" status="PASS">
          <reporter-output>
          </reporter-output>
        </test-method> <!-- testrun -->
      </class> <!-- co.te.ma.TestMaven -->
    </test> <!-- Surefire test -->
  </suite> <!-- Surefire suite -->
</testng-results>
