<?xml version="1.0" encoding="UTF-8"?>
<testng-results ignored="0" total="1" passed="1" failed="0" skipped="0">
  <reporter-output>
  </reporter-output>
  <suite started-at="2021-03-29T21:06:58 AEDT" name="Default suite" finished-at="2021-03-29T21:06:59 AEDT" duration-ms="301">
    <groups>
    </groups>
    <test started-at="2021-03-29T21:06:58 AEDT" name="Default test" finished-at="2021-03-29T21:06:59 AEDT" duration-ms="301">
      <class name="co.te.ma.TestCases">
        <test-method signature="TestThree()[pri:0, instance:co.te.ma.TestCases@4fad94a7]" started-at="2021-03-29T21:06:58 AEDT" name="TestThree" finished-at="2021-03-29T21:06:58 AEDT" duration-ms="241" status="PASS">
          <reporter-output>
          </reporter-output>
        </test-method> <!-- TestThree -->
      </class> <!-- co.te.ma.TestCases -->
    </test> <!-- Default test -->
  </suite> <!-- Default suite -->
</testng-results>
